<?xml version="1.0" encoding="UTF-8"?>
<!-- Generated by org.testng.reporters.JUnitReportReporter -->
<testsuite hostname="A_Device" failures="0" tests="1" name="com.codenbox.appium.Scroll" time="7.120" errors="0" timestamp="2024-04-30T15:50:36 PDT" skipped="0">
  <testcase classname="com.codenbox.appium.Scroll" name="scrollTest" time="7.120"/>
</testsuite> <!-- com.codenbox.appium.Scroll -->
