<?xml version="1.0" encoding="UTF-8"?>
<!-- Generated by org.testng.reporters.JUnitReportReporter -->
<testsuite hostname="A_Device" failures="0" tests="1" name="com.codenbox.appium.LongPress" time="8.512" errors="0" timestamp="2024-04-30T16:12:55 PDT" skipped="0">
  <testcase classname="com.codenbox.appium.LongPress" name="longPressTest" time="8.512"/>
</testsuite> <!-- com.codenbox.appium.LongPress -->
