<?xml version="1.0" encoding="UTF-8"?>
<!-- Generated by org.testng.reporters.JUnitReportReporter -->
<testsuite hostname="A_Device" failures="0" tests="1" name="com.codenbox.appium.Tests" time="4.063" errors="0" timestamp="2024-05-01T09:32:06 PDT" skipped="0">
  <testcase classname="com.codenbox.appium.Tests" name="viewTextTest" time="4.063"/>
</testsuite> <!-- com.codenbox.appium.Tests -->
