<?xml version="1.0" encoding="UTF-8"?>
<!-- Generated by org.testng.reporters.JUnitReportReporter -->
<testsuite hostname="A_Device" failures="0" tests="1" name="com.codenbox.appium.SetWifi" time="1.380" errors="0" timestamp="2024-04-28T12:39:03 PDT" skipped="0">
  <testcase classname="com.codenbox.appium.SetWifi" name="setWifiTest" time="1.380"/>
</testsuite> <!-- com.codenbox.appium.SetWifi -->
