<?xml version="1.0" encoding="UTF-8"?>
<!-- Generated by org.testng.reporters.JUnitReportReporter -->
<testsuite hostname="A_Device" failures="0" tests="1" name="com.codenbox.appium.test.Tests" time="2.483" errors="0" timestamp="2024-05-01T10:42:43 PDT" skipped="0">
  <testcase classname="com.codenbox.appium.test.Tests" name="testCase01" time="2.483"/>
</testsuite> <!-- com.codenbox.appium.test.Tests -->
