<?xml version="1.0" encoding="UTF-8"?>
<!-- Generated by org.testng.reporters.JUnitReportReporter -->
<testsuite hostname="A_Device" failures="0" tests="1" name="com.appium.TapAction" time="3.783" errors="0" timestamp="2024-06-11T09:08:12 PDT" skipped="0">
  <testcase classname="com.appium.TapAction" name="tapAction" time="3.783"/>
</testsuite> <!-- com.appium.TapAction -->
