<?xml version="1.0" encoding="UTF-8"?>
<!-- Generated by org.testng.reporters.JUnitReportReporter -->
<testsuite hostname="A_Device" failures="0" tests="1" name="com.appium.DragAndDrop" time="5.899" errors="0" timestamp="2024-06-11T12:05:37 PDT" skipped="0">
  <testcase classname="com.appium.DragAndDrop" name="dragAndDrop" time="5.899"/>
</testsuite> <!-- com.appium.DragAndDrop -->
