<?xml version="1.0" encoding="UTF-8"?>
<!-- Generated by org.testng.reporters.JUnitReportReporter -->
<testsuite hostname="A_Device" failures="0" tests="1" name="com.codenbox.appium.Base" time="16.992" errors="0" timestamp="2024-04-28T11:19:09 PDT" skipped="0">
  <testcase classname="com.codenbox.appium.Base" name="configureAppium" time="16.992"/>
</testsuite> <!-- com.codenbox.appium.Base -->
