<?xml version="1.0" encoding="UTF-8"?>
<!-- Generated by org.testng.reporters.JUnitReportReporter -->
<testsuite hostname="A_Device" failures="0" tests="1" name="com.codenbox.appium.Swipe" time="4.660" errors="0" timestamp="2024-04-30T20:13:42 PDT" skipped="0">
  <testcase classname="com.codenbox.appium.Swipe" name="swipeTest" time="4.660"/>
</testsuite> <!-- com.codenbox.appium.Swipe -->
